#
# There is insufficient memory for the Java Runtime Environment to continue.
# Native memory allocation (malloc) failed to allocate 32744 bytes. Error detail: Chunk::new
# Possible reasons:
#   The system is out of physical RAM or swap space
#   This process is running with CompressedOops enabled, and the Java Heap may be blocking the growth of the native heap
# Possible solutions:
#   Reduce memory load on the system
#   Increase physical memory or swap space
#   Check if swap backing store is full
#   Decrease Java heap size (-Xmx/-Xms)
#   Decrease number of Java threads
#   Decrease Java thread stack sizes (-Xss)
#   Set larger code cache with -XX:ReservedCodeCacheSize=
#   JVM is running with Unscaled Compressed Oops mode in which the Java heap is
#     placed in the first 4GB address space. The Java Heap base address is the
#     maximum limit for the native heap growth. Please use -XX:HeapBaseMinAddress
#     to set the Java Heap base and to place the Java Heap above 4GB virtual address.
# This output file may be truncated or incomplete.
#
#  Out of Memory Error (arena.cpp:168), pid=26336, tid=23620
#
# JRE version: OpenJDK Runtime Environment JBR-21.0.9+1-1163.86-jcef (21.0.9+1) (build 21.0.9+1-b1163.86)
# Java VM: OpenJDK 64-Bit Server VM JBR-21.0.9+1-1163.86-jcef (21.0.9+1-b1163.86, mixed mode, sharing, tiered, compressed oops, compressed class ptrs, g1 gc, windows-amd64)
# No core dump will be written. Minidumps are not enabled by default on client versions of Windows
#

---------------  S U M M A R Y ------------

Command Line: -Djava.rmi.server.hostname=127.0.0.1 -Duser.timezone=UTC -Xmx2048m -Xms128m --add-exports=java.desktop/sun.awt=ALL-UNNAMED --add-exports=java.desktop/java.awt.peer=ALL-UNNAMED --add-opens=java.desktop/java.awt=ALL-UNNAMED --add-opens=jdk.unsupported/sun.misc=ALL-UNNAMED --add-opens=java.base/java.nio=ALL-UNNAMED --add-opens=java.base/java.util=ALL-UNNAMED -Dfile.encoding=UTF-8 -Dsun.stdout.encoding=UTF-8 -Dsun.stderr.encoding=UTF-8 com.intellij.database.remote.RemoteJdbcServer com.mysql.cj.jdbc.Driver

Host: AMD Ryzen 5 3550H with Radeon Vega Mobile Gfx  , 8 cores, 5G,  Windows 10 , 64 bit Build 19041 (10.0.19041.5915)
Time: Sat Jan 31 19:44:47 2026 Taipei Standard Time elapsed time: 18.516548 seconds (0d 0h 0m 18s)

---------------  T H R E A D  ---------------

Current thread (0x00000299d0d86b10):  JavaThread "C1 CompilerThread0" daemon [_thread_in_native, id=23620, stack(0x000000d43e400000,0x000000d43e500000) (1024K)]


Current CompileTask:
C1:18516 2803       3       com.intellij.database.remote.jdba.jdbc.JdbcRowFetchers$TupleFetcher::assign (11 bytes)

Stack: [0x000000d43e400000,0x000000d43e500000]
Native frames: (J=compiled Java code, j=interpreted, Vv=VM code, C=native code)
V  [jvm.dll+0x6ec339]
V  [jvm.dll+0x8cc463]
V  [jvm.dll+0x8cea7e]
V  [jvm.dll+0x8cf163]
V  [jvm.dll+0x28b006]
V  [jvm.dll+0xc6f3d]
V  [jvm.dll+0xc7473]
V  [jvm.dll+0xd403d]
V  [jvm.dll+0x184838]
V  [jvm.dll+0x182d3e]
V  [jvm.dll+0x170bd0]
V  [jvm.dll+0x158c07]
V  [jvm.dll+0x1585a6]
V  [jvm.dll+0x1587c1]
V  [jvm.dll+0x157b4f]
V  [jvm.dll+0x159911]
V  [jvm.dll+0x260e0e]
V  [jvm.dll+0x25f356]
V  [jvm.dll+0x4031b6]
V  [jvm.dll+0x874178]
V  [jvm.dll+0x6eaabd]
C  [ucrtbase.dll+0x21bb2]
C  [KERNEL32.DLL+0x17374]
C  [ntdll.dll+0x4cc91]


---------------  P R O C E S S  ---------------

Threads class SMR info:
_java_thread_list=0x0000029a17887820, length=22, elements={
0x00000299b87b9430, 0x00000299d0d73200, 0x00000299d0d79fd0, 0x00000299d0d7cfb0,
0x00000299d0d7fd90, 0x00000299d0d807f0, 0x00000299d0d81250, 0x00000299d0d81cb0,
0x00000299d0d82bf0, 0x00000299d0d86b10, 0x0000029a171037e0, 0x0000029a174c53c0,
0x0000029a174c6b60, 0x0000029a1735d4c0, 0x0000029a1735db30, 0x0000029a17056400,
0x0000029a17531840, 0x0000029a173b7f20, 0x0000029a173b8da0, 0x0000029a173bded0,
0x0000029a173bf910, 0x0000029a173bf280
}

Java Threads: ( => current thread )
  0x00000299b87b9430 JavaThread "main"                              [_thread_blocked, id=34348, stack(0x000000d43d400000,0x000000d43d500000) (1024K)]
  0x00000299d0d73200 JavaThread "Common-Cleaner"             daemon [_thread_blocked, id=32632, stack(0x000000d43dc00000,0x000000d43dd00000) (1024K)]
  0x00000299d0d79fd0 JavaThread "Reference Handler"          daemon [_thread_blocked, id=17380, stack(0x000000d43dd00000,0x000000d43de00000) (1024K)]
  0x00000299d0d7cfb0 JavaThread "Finalizer"                  daemon [_thread_blocked, id=22952, stack(0x000000d43de00000,0x000000d43df00000) (1024K)]
  0x00000299d0d7fd90 JavaThread "Signal Dispatcher"          daemon [_thread_blocked, id=17956, stack(0x000000d43df00000,0x000000d43e000000) (1024K)]
  0x00000299d0d807f0 JavaThread "Attach Listener"            daemon [_thread_blocked, id=33800, stack(0x000000d43e000000,0x000000d43e100000) (1024K)]
  0x00000299d0d81250 JavaThread "Service Thread"             daemon [_thread_blocked, id=13140, stack(0x000000d43e100000,0x000000d43e200000) (1024K)]
  0x00000299d0d81cb0 JavaThread "Monitor Deflation Thread"   daemon [_thread_blocked, id=30388, stack(0x000000d43e200000,0x000000d43e300000) (1024K)]
  0x00000299d0d82bf0 JavaThread "C2 CompilerThread0"         daemon [_thread_blocked, id=22856, stack(0x000000d43e300000,0x000000d43e400000) (1024K)]
=>0x00000299d0d86b10 JavaThread "C1 CompilerThread0"         daemon [_thread_in_native, id=23620, stack(0x000000d43e400000,0x000000d43e500000) (1024K)]
  0x0000029a171037e0 JavaThread "Notification Thread"        daemon [_thread_blocked, id=30144, stack(0x000000d43e500000,0x000000d43e600000) (1024K)]
  0x0000029a174c53c0 JavaThread "RMI TCP Accept-58005"       daemon [_thread_in_native, id=25568, stack(0x000000d43e600000,0x000000d43e700000) (1024K)]
  0x0000029a174c6b60 JavaThread "RMI TCP Accept-0"           daemon [_thread_in_native, id=24292, stack(0x000000d43e700000,0x000000d43e800000) (1024K)]
  0x0000029a1735d4c0 JavaThread "RMI Reaper"                        [_thread_blocked, id=19072, stack(0x000000d43e800000,0x000000d43e900000) (1024K)]
  0x0000029a1735db30 JavaThread "RMI GC Daemon"              daemon [_thread_blocked, id=5864, stack(0x000000d43e900000,0x000000d43ea00000) (1024K)]
  0x0000029a17056400 JavaThread "RMI TCP Connection(1)-127.0.0.1" daemon [_thread_in_native, id=11116, stack(0x000000d43ea00000,0x000000d43eb00000) (1024K)]
  0x0000029a17531840 JavaThread "RMI TCP Connection(2)-127.0.0.1" daemon [_thread_in_native, id=31680, stack(0x000000d43eb00000,0x000000d43ec00000) (1024K)]
  0x0000029a173b7f20 JavaThread "RMI Scheduler(0)"           daemon [_thread_blocked, id=33716, stack(0x000000d43ec00000,0x000000d43ed00000) (1024K)]
  0x0000029a173b8da0 JavaThread "RMI TCP Connection(3)-127.0.0.1" daemon [_thread_in_native, id=11540, stack(0x000000d43ed00000,0x000000d43ee00000) (1024K)]
  0x0000029a173bded0 JavaThread "RMI TCP Connection(4)-127.0.0.1" daemon [_thread_in_native, id=18896, stack(0x000000d43ee00000,0x000000d43ef00000) (1024K)]
  0x0000029a173bf910 JavaThread "RMI RenewClean-[127.0.0.1:9912]" daemon [_thread_blocked, id=26460, stack(0x000000d43ef00000,0x000000d43f000000) (1024K)]
  0x0000029a173bf280 JavaThread "mysql-cj-abandoned-connection-cleanup" daemon [_thread_blocked, id=33196, stack(0x000000d43f100000,0x000000d43f200000) (1024K)]
Total: 22

Other Threads:
  0x00000299d0d5abf0 VMThread "VM Thread"                           [id=5868, stack(0x000000d43db00000,0x000000d43dc00000) (1024K)]
  0x00000299d0d47300 WatcherThread "VM Periodic Task Thread"        [id=18576, stack(0x000000d43da00000,0x000000d43db00000) (1024K)]
  0x00000299b880caf0 WorkerThread "GC Thread#0"                     [id=1144, stack(0x000000d43d500000,0x000000d43d600000) (1024K)]
  0x0000029a1763dcc0 WorkerThread "GC Thread#1"                     [id=27048, stack(0x000000d43f000000,0x000000d43f100000) (1024K)]
  0x0000029a175dfed0 WorkerThread "GC Thread#2"                     [id=17304, stack(0x000000d43f200000,0x000000d43f300000) (1024K)]
  0x0000029a173f8ad0 WorkerThread "GC Thread#3"                     [id=32916, stack(0x000000d43f300000,0x000000d43f400000) (1024K)]
  0x0000029a178cad90 WorkerThread "GC Thread#4"                     [id=20660, stack(0x000000d43f400000,0x000000d43f500000) (1024K)]
  0x0000029a178fae50 WorkerThread "GC Thread#5"                     [id=32316, stack(0x000000d43f500000,0x000000d43f600000) (1024K)]
  0x0000029a178c7150 WorkerThread "GC Thread#6"                     [id=23876, stack(0x000000d43f600000,0x000000d43f700000) (1024K)]
  0x0000029a178fb1f0 WorkerThread "GC Thread#7"                     [id=34748, stack(0x000000d43f700000,0x000000d43f800000) (1024K)]
  0x00000299b881d9e0 ConcurrentGCThread "G1 Main Marker"            [id=23592, stack(0x000000d43d600000,0x000000d43d700000) (1024K)]
  0x00000299b881e3f0 WorkerThread "G1 Conc#0"                       [id=7564, stack(0x000000d43d700000,0x000000d43d800000) (1024K)]
  0x00000299d0c0e130 ConcurrentGCThread "G1 Refine#0"               [id=30816, stack(0x000000d43d800000,0x000000d43d900000) (1024K)]
  0x00000299d0c0e950 ConcurrentGCThread "G1 Service"                [id=26012, stack(0x000000d43d900000,0x000000d43da00000) (1024K)]
Total: 14

Threads with active compile tasks:
C1 CompilerThread0  18702 2803       3       com.intellij.database.remote.jdba.jdbc.JdbcRowFetchers$TupleFetcher::assign (11 bytes)
Total: 1

VM state: not at safepoint (normal execution)

VM Mutex/Monitor currently owned by a thread: None

Heap address: 0x0000000080000000, size: 2048 MB, Compressed Oops mode: 32-bit

CDS archive(s) mapped at: [0x00000299d1000000-0x00000299d2c20000-0x00000299d2c20000), size 29491200, SharedBaseAddress: 0x00000299d1000000, ArchiveRelocationMode: 1.
Compressed class space mapped at: 0x00000299d3000000-0x0000029a13000000, reserved size: 1073741824
Narrow klass base: 0x00000299d1000000, Narrow klass shift: 0, Narrow klass range: 0x100000000

GC Precious Log:
 CardTable entry size: 512
 Card Set container configuration: InlinePtr #cards 5 size 8 Array Of Cards #cards 12 size 40 Howl #buckets 4 coarsen threshold 1843 Howl Bitmap #cards 512 size 80 coarsen threshold 460 Card regions per heap region 1 cards per card region 2048
 CPUs: 8 total, 8 available
 Memory: 6077M
 Large Page Support: Disabled
 NUMA Support: Disabled
 Compressed Oops: Enabled (32-bit)
 Heap Region Size: 1M
 Heap Min Capacity: 128M
 Heap Initial Capacity: 128M
 Heap Max Capacity: 2G
 Pre-touch: Disabled
 Parallel Workers: 8
 Concurrent Workers: 2
 Concurrent Refinement Workers: 8
 Periodic GC: Disabled

Heap:
 garbage-first heap   total 131072K, used 12056K [0x0000000080000000, 0x0000000100000000)
  region size 1024K, 6 young (6144K), 4 survivors (4096K)
 Metaspace       used 11424K, committed 11840K, reserved 1114112K
  class space    used 1352K, committed 1536K, reserved 1048576K

Heap Regions: E=young(eden), S=young(survivor), O=old, HS=humongous(starts), HC=humongous(continues), CS=collection set, F=free, TAMS=top-at-mark-start, PB=parsable bottom
|   0|0x0000000080000000, 0x0000000080100000, 0x0000000080100000|100%|HS|  |TAMS 0x0000000080000000| PB 0x0000000080000000| Complete 
|   1|0x0000000080100000, 0x0000000080200000, 0x0000000080200000|100%|HS|  |TAMS 0x0000000080100000| PB 0x0000000080100000| Complete 
|   2|0x0000000080200000, 0x0000000080300000, 0x0000000080300000|100%| O|  |TAMS 0x0000000080200000| PB 0x0000000080200000| Untracked 
|   3|0x0000000080300000, 0x0000000080400000, 0x0000000080400000|100%| O|  |TAMS 0x0000000080300000| PB 0x0000000080300000| Untracked 
|   4|0x0000000080400000, 0x0000000080500000, 0x0000000080500000|100%| O|  |TAMS 0x0000000080400000| PB 0x0000000080400000| Untracked 
|   5|0x0000000080500000, 0x0000000080600000, 0x0000000080600000|100%| O|  |TAMS 0x0000000080500000| PB 0x0000000080500000| Untracked 
|   6|0x0000000080600000, 0x0000000080700000, 0x0000000080700000|100%| O|  |TAMS 0x0000000080600000| PB 0x0000000080600000| Untracked 
|   7|0x0000000080700000, 0x0000000080773140, 0x0000000080800000| 44%| O|  |TAMS 0x0000000080700000| PB 0x0000000080700000| Untracked 
|   8|0x0000000080800000, 0x0000000080800000, 0x0000000080900000|  0%| F|  |TAMS 0x0000000080800000| PB 0x0000000080800000| Untracked 
|   9|0x0000000080900000, 0x0000000080900000, 0x0000000080a00000|  0%| F|  |TAMS 0x0000000080900000| PB 0x0000000080900000| Untracked 
|  10|0x0000000080a00000, 0x0000000080a00000, 0x0000000080b00000|  0%| F|  |TAMS 0x0000000080a00000| PB 0x0000000080a00000| Untracked 
|  11|0x0000000080b00000, 0x0000000080b00000, 0x0000000080c00000|  0%| F|  |TAMS 0x0000000080b00000| PB 0x0000000080b00000| Untracked 
|  12|0x0000000080c00000, 0x0000000080c00000, 0x0000000080d00000|  0%| F|  |TAMS 0x0000000080c00000| PB 0x0000000080c00000| Untracked 
|  13|0x0000000080d00000, 0x0000000080d00000, 0x0000000080e00000|  0%| F|  |TAMS 0x0000000080d00000| PB 0x0000000080d00000| Untracked 
|  14|0x0000000080e00000, 0x0000000080e00000, 0x0000000080f00000|  0%| F|  |TAMS 0x0000000080e00000| PB 0x0000000080e00000| Untracked 
|  15|0x0000000080f00000, 0x0000000080f00000, 0x0000000081000000|  0%| F|  |TAMS 0x0000000080f00000| PB 0x0000000080f00000| Untracked 
|  16|0x0000000081000000, 0x0000000081000000, 0x0000000081100000|  0%| F|  |TAMS 0x0000000081000000| PB 0x0000000081000000| Untracked 
|  17|0x0000000081100000, 0x0000000081100000, 0x0000000081200000|  0%| F|  |TAMS 0x0000000081100000| PB 0x0000000081100000| Untracked 
|  18|0x0000000081200000, 0x0000000081200000, 0x0000000081300000|  0%| F|  |TAMS 0x0000000081200000| PB 0x0000000081200000| Untracked 
|  19|0x0000000081300000, 0x0000000081300000, 0x0000000081400000|  0%| F|  |TAMS 0x0000000081300000| PB 0x0000000081300000| Untracked 
|  20|0x0000000081400000, 0x0000000081400000, 0x0000000081500000|  0%| F|  |TAMS 0x0000000081400000| PB 0x0000000081400000| Untracked 
|  21|0x0000000081500000, 0x0000000081500000, 0x0000000081600000|  0%| F|  |TAMS 0x0000000081500000| PB 0x0000000081500000| Untracked 
|  22|0x0000000081600000, 0x0000000081600000, 0x0000000081700000|  0%| F|  |TAMS 0x0000000081600000| PB 0x0000000081600000| Untracked 
|  23|0x0000000081700000, 0x0000000081700000, 0x0000000081800000|  0%| F|  |TAMS 0x0000000081700000| PB 0x0000000081700000| Untracked 
|  24|0x0000000081800000, 0x0000000081800000, 0x0000000081900000|  0%| F|  |TAMS 0x0000000081800000| PB 0x0000000081800000| Untracked 
|  25|0x0000000081900000, 0x0000000081900000, 0x0000000081a00000|  0%| F|  |TAMS 0x0000000081900000| PB 0x0000000081900000| Untracked 
|  26|0x0000000081a00000, 0x0000000081a00000, 0x0000000081b00000|  0%| F|  |TAMS 0x0000000081a00000| PB 0x0000000081a00000| Untracked 
|  27|0x0000000081b00000, 0x0000000081b00000, 0x0000000081c00000|  0%| F|  |TAMS 0x0000000081b00000| PB 0x0000000081b00000| Untracked 
|  28|0x0000000081c00000, 0x0000000081c00000, 0x0000000081d00000|  0%| F|  |TAMS 0x0000000081c00000| PB 0x0000000081c00000| Untracked 
|  29|0x0000000081d00000, 0x0000000081d00000, 0x0000000081e00000|  0%| F|  |TAMS 0x0000000081d00000| PB 0x0000000081d00000| Untracked 
|  30|0x0000000081e00000, 0x0000000081e00000, 0x0000000081f00000|  0%| F|  |TAMS 0x0000000081e00000| PB 0x0000000081e00000| Untracked 
|  31|0x0000000081f00000, 0x0000000081f00000, 0x0000000082000000|  0%| F|  |TAMS 0x0000000081f00000| PB 0x0000000081f00000| Untracked 
|  32|0x0000000082000000, 0x0000000082000000, 0x0000000082100000|  0%| F|  |TAMS 0x0000000082000000| PB 0x0000000082000000| Untracked 
|  33|0x0000000082100000, 0x0000000082100000, 0x0000000082200000|  0%| F|  |TAMS 0x0000000082100000| PB 0x0000000082100000| Untracked 
|  34|0x0000000082200000, 0x0000000082200000, 0x0000000082300000|  0%| F|  |TAMS 0x0000000082200000| PB 0x0000000082200000| Untracked 
|  35|0x0000000082300000, 0x0000000082300000, 0x0000000082400000|  0%| F|  |TAMS 0x0000000082300000| PB 0x0000000082300000| Untracked 
|  36|0x0000000082400000, 0x0000000082400000, 0x0000000082500000|  0%| F|  |TAMS 0x0000000082400000| PB 0x0000000082400000| Untracked 
|  37|0x0000000082500000, 0x0000000082500000, 0x0000000082600000|  0%| F|  |TAMS 0x0000000082500000| PB 0x0000000082500000| Untracked 
|  38|0x0000000082600000, 0x0000000082600000, 0x0000000082700000|  0%| F|  |TAMS 0x0000000082600000| PB 0x0000000082600000| Untracked 
|  39|0x0000000082700000, 0x0000000082700000, 0x0000000082800000|  0%| F|  |TAMS 0x0000000082700000| PB 0x0000000082700000| Untracked 
|  40|0x0000000082800000, 0x0000000082800000, 0x0000000082900000|  0%| F|  |TAMS 0x0000000082800000| PB 0x0000000082800000| Untracked 
|  41|0x0000000082900000, 0x0000000082900000, 0x0000000082a00000|  0%| F|  |TAMS 0x0000000082900000| PB 0x0000000082900000| Untracked 
|  42|0x0000000082a00000, 0x0000000082a00000, 0x0000000082b00000|  0%| F|  |TAMS 0x0000000082a00000| PB 0x0000000082a00000| Untracked 
|  43|0x0000000082b00000, 0x0000000082b00000, 0x0000000082c00000|  0%| F|  |TAMS 0x0000000082b00000| PB 0x0000000082b00000| Untracked 
|  44|0x0000000082c00000, 0x0000000082c00000, 0x0000000082d00000|  0%| F|  |TAMS 0x0000000082c00000| PB 0x0000000082c00000| Untracked 
|  45|0x0000000082d00000, 0x0000000082d00000, 0x0000000082e00000|  0%| F|  |TAMS 0x0000000082d00000| PB 0x0000000082d00000| Untracked 
|  46|0x0000000082e00000, 0x0000000082e00000, 0x0000000082f00000|  0%| F|  |TAMS 0x0000000082e00000| PB 0x0000000082e00000| Untracked 
|  47|0x0000000082f00000, 0x0000000082f00000, 0x0000000083000000|  0%| F|  |TAMS 0x0000000082f00000| PB 0x0000000082f00000| Untracked 
|  48|0x0000000083000000, 0x0000000083000000, 0x0000000083100000|  0%| F|  |TAMS 0x0000000083000000| PB 0x0000000083000000| Untracked 
|  49|0x0000000083100000, 0x0000000083100000, 0x0000000083200000|  0%| F|  |TAMS 0x0000000083100000| PB 0x0000000083100000| Untracked 
|  50|0x0000000083200000, 0x0000000083200000, 0x0000000083300000|  0%| F|  |TAMS 0x0000000083200000| PB 0x0000000083200000| Untracked 
|  51|0x0000000083300000, 0x0000000083300000, 0x0000000083400000|  0%| F|  |TAMS 0x0000000083300000| PB 0x0000000083300000| Untracked 
|  52|0x0000000083400000, 0x0000000083400000, 0x0000000083500000|  0%| F|  |TAMS 0x0000000083400000| PB 0x0000000083400000| Untracked 
|  53|0x0000000083500000, 0x0000000083500000, 0x0000000083600000|  0%| F|  |TAMS 0x0000000083500000| PB 0x0000000083500000| Untracked 
|  54|0x0000000083600000, 0x0000000083600000, 0x0000000083700000|  0%| F|  |TAMS 0x0000000083600000| PB 0x0000000083600000| Untracked 
|  55|0x0000000083700000, 0x0000000083700000, 0x0000000083800000|  0%| F|  |TAMS 0x0000000083700000| PB 0x0000000083700000| Untracked 
|  56|0x0000000083800000, 0x0000000083800000, 0x0000000083900000|  0%| F|  |TAMS 0x0000000083800000| PB 0x0000000083800000| Untracked 
|  57|0x0000000083900000, 0x0000000083900000, 0x0000000083a00000|  0%| F|  |TAMS 0x0000000083900000| PB 0x0000000083900000| Untracked 
|  58|0x0000000083a00000, 0x0000000083a00000, 0x0000000083b00000|  0%| F|  |TAMS 0x0000000083a00000| PB 0x0000000083a00000| Untracked 
|  59|0x0000000083b00000, 0x0000000083b00000, 0x0000000083c00000|  0%| F|  |TAMS 0x0000000083b00000| PB 0x0000000083b00000| Untracked 
|  60|0x0000000083c00000, 0x0000000083c00000, 0x0000000083d00000|  0%| F|  |TAMS 0x0000000083c00000| PB 0x0000000083c00000| Untracked 
|  61|0x0000000083d00000, 0x0000000083d00000, 0x0000000083e00000|  0%| F|  |TAMS 0x0000000083d00000| PB 0x0000000083d00000| Untracked 
|  62|0x0000000083e00000, 0x0000000083e00000, 0x0000000083f00000|  0%| F|  |TAMS 0x0000000083e00000| PB 0x0000000083e00000| Untracked 
|  63|0x0000000083f00000, 0x0000000083f00000, 0x0000000084000000|  0%| F|  |TAMS 0x0000000083f00000| PB 0x0000000083f00000| Untracked 
|  64|0x0000000084000000, 0x0000000084000000, 0x0000000084100000|  0%| F|  |TAMS 0x0000000084000000| PB 0x0000000084000000| Untracked 
|  65|0x0000000084100000, 0x0000000084100000, 0x0000000084200000|  0%| F|  |TAMS 0x0000000084100000| PB 0x0000000084100000| Untracked 
|  66|0x0000000084200000, 0x0000000084200000, 0x0000000084300000|  0%| F|  |TAMS 0x0000000084200000| PB 0x0000000084200000| Untracked 
|  67|0x0000000084300000, 0x0000000084300000, 0x0000000084400000|  0%| F|  |TAMS 0x0000000084300000| PB 0x0000000084300000| Untracked 
|  68|0x0000000084400000, 0x0000000084400000, 0x0000000084500000|  0%| F|  |TAMS 0x0000000084400000| PB 0x0000000084400000| Untracked 
|  69|0x0000000084500000, 0x0000000084500000, 0x0000000084600000|  0%| F|  |TAMS 0x0000000084500000| PB 0x0000000084500000| Untracked 
|  70|0x0000000084600000, 0x0000000084600000, 0x0000000084700000|  0%| F|  |TAMS 0x0000000084600000| PB 0x0000000084600000| Untracked 
|  71|0x0000000084700000, 0x0000000084700000, 0x0000000084800000|  0%| F|  |TAMS 0x0000000084700000| PB 0x0000000084700000| Untracked 
|  72|0x0000000084800000, 0x0000000084800000, 0x0000000084900000|  0%| F|  |TAMS 0x0000000084800000| PB 0x0000000084800000| Untracked 
|  73|0x0000000084900000, 0x0000000084900000, 0x0000000084a00000|  0%| F|  |TAMS 0x0000000084900000| PB 0x0000000084900000| Untracked 
|  74|0x0000000084a00000, 0x0000000084a00000, 0x0000000084b00000|  0%| F|  |TAMS 0x0000000084a00000| PB 0x0000000084a00000| Untracked 
|  75|0x0000000084b00000, 0x0000000084b00000, 0x0000000084c00000|  0%| F|  |TAMS 0x0000000084b00000| PB 0x0000000084b00000| Untracked 
|  76|0x0000000084c00000, 0x0000000084c00000, 0x0000000084d00000|  0%| F|  |TAMS 0x0000000084c00000| PB 0x0000000084c00000| Untracked 
|  77|0x0000000084d00000, 0x0000000084d00000, 0x0000000084e00000|  0%| F|  |TAMS 0x0000000084d00000| PB 0x0000000084d00000| Untracked 
|  78|0x0000000084e00000, 0x0000000084e00000, 0x0000000084f00000|  0%| F|  |TAMS 0x0000000084e00000| PB 0x0000000084e00000| Untracked 
|  79|0x0000000084f00000, 0x0000000084f00000, 0x0000000085000000|  0%| F|  |TAMS 0x0000000084f00000| PB 0x0000000084f00000| Untracked 
|  80|0x0000000085000000, 0x0000000085000000, 0x0000000085100000|  0%| F|  |TAMS 0x0000000085000000| PB 0x0000000085000000| Untracked 
|  81|0x0000000085100000, 0x0000000085100000, 0x0000000085200000|  0%| F|  |TAMS 0x0000000085100000| PB 0x0000000085100000| Untracked 
|  82|0x0000000085200000, 0x0000000085200000, 0x0000000085300000|  0%| F|  |TAMS 0x0000000085200000| PB 0x0000000085200000| Untracked 
|  83|0x0000000085300000, 0x0000000085300000, 0x0000000085400000|  0%| F|  |TAMS 0x0000000085300000| PB 0x0000000085300000| Untracked 
|  84|0x0000000085400000, 0x0000000085400000, 0x0000000085500000|  0%| F|  |TAMS 0x0000000085400000| PB 0x0000000085400000| Untracked 
|  85|0x0000000085500000, 0x0000000085500000, 0x0000000085600000|  0%| F|  |TAMS 0x0000000085500000| PB 0x0000000085500000| Untracked 
|  86|0x0000000085600000, 0x0000000085600000, 0x0000000085700000|  0%| F|  |TAMS 0x0000000085600000| PB 0x0000000085600000| Untracked 
|  87|0x0000000085700000, 0x0000000085700000, 0x0000000085800000|  0%| F|  |TAMS 0x0000000085700000| PB 0x0000000085700000| Untracked 
|  88|0x0000000085800000, 0x0000000085800000, 0x0000000085900000|  0%| F|  |TAMS 0x0000000085800000| PB 0x0000000085800000| Untracked 
|  89|0x0000000085900000, 0x0000000085900000, 0x0000000085a00000|  0%| F|  |TAMS 0x0000000085900000| PB 0x0000000085900000| Untracked 
|  90|0x0000000085a00000, 0x0000000085a00000, 0x0000000085b00000|  0%| F|  |TAMS 0x0000000085a00000| PB 0x0000000085a00000| Untracked 
|  91|0x0000000085b00000, 0x0000000085b00000, 0x0000000085c00000|  0%| F|  |TAMS 0x0000000085b00000| PB 0x0000000085b00000| Untracked 
|  92|0x0000000085c00000, 0x0000000085c00000, 0x0000000085d00000|  0%| F|  |TAMS 0x0000000085c00000| PB 0x0000000085c00000| Untracked 
|  93|0x0000000085d00000, 0x0000000085d53100, 0x0000000085e00000| 32%| S|CS|TAMS 0x0000000085d00000| PB 0x0000000085d00000| Complete 
|  94|0x0000000085e00000, 0x0000000085f00000, 0x0000000085f00000|100%| S|CS|TAMS 0x0000000085e00000| PB 0x0000000085e00000| Complete 
|  95|0x0000000085f00000, 0x0000000086000000, 0x0000000086000000|100%| S|CS|TAMS 0x0000000085f00000| PB 0x0000000085f00000| Complete 
|  96|0x0000000086000000, 0x0000000086100000, 0x0000000086100000|100%| S|CS|TAMS 0x0000000086000000| PB 0x0000000086000000| Complete 
|  97|0x0000000086100000, 0x0000000086100000, 0x0000000086200000|  0%| F|  |TAMS 0x0000000086100000| PB 0x0000000086100000| Untracked 
|  98|0x0000000086200000, 0x0000000086200000, 0x0000000086300000|  0%| F|  |TAMS 0x0000000086200000| PB 0x0000000086200000| Untracked 
|  99|0x0000000086300000, 0x0000000086300000, 0x0000000086400000|  0%| F|  |TAMS 0x0000000086300000| PB 0x0000000086300000| Untracked 
| 100|0x0000000086400000, 0x0000000086400000, 0x0000000086500000|  0%| F|  |TAMS 0x0000000086400000| PB 0x0000000086400000| Untracked 
| 101|0x0000000086500000, 0x0000000086500000, 0x0000000086600000|  0%| F|  |TAMS 0x0000000086500000| PB 0x0000000086500000| Untracked 
| 102|0x0000000086600000, 0x0000000086600000, 0x0000000086700000|  0%| F|  |TAMS 0x0000000086600000| PB 0x0000000086600000| Untracked 
| 103|0x0000000086700000, 0x0000000086700000, 0x0000000086800000|  0%| F|  |TAMS 0x0000000086700000| PB 0x0000000086700000| Untracked 
| 104|0x0000000086800000, 0x0000000086800000, 0x0000000086900000|  0%| F|  |TAMS 0x0000000086800000| PB 0x0000000086800000| Untracked 
| 105|0x0000000086900000, 0x0000000086900000, 0x0000000086a00000|  0%| F|  |TAMS 0x0000000086900000| PB 0x0000000086900000| Untracked 
| 106|0x0000000086a00000, 0x0000000086a00000, 0x0000000086b00000|  0%| F|  |TAMS 0x0000000086a00000| PB 0x0000000086a00000| Untracked 
| 107|0x0000000086b00000, 0x0000000086b00000, 0x0000000086c00000|  0%| F|  |TAMS 0x0000000086b00000| PB 0x0000000086b00000| Untracked 
| 108|0x0000000086c00000, 0x0000000086c00000, 0x0000000086d00000|  0%| F|  |TAMS 0x0000000086c00000| PB 0x0000000086c00000| Untracked 
| 109|0x0000000086d00000, 0x0000000086d00000, 0x0000000086e00000|  0%| F|  |TAMS 0x0000000086d00000| PB 0x0000000086d00000| Untracked 
| 110|0x0000000086e00000, 0x0000000086e00000, 0x0000000086f00000|  0%| F|  |TAMS 0x0000000086e00000| PB 0x0000000086e00000| Untracked 
| 111|0x0000000086f00000, 0x0000000086f00000, 0x0000000087000000|  0%| F|  |TAMS 0x0000000086f00000| PB 0x0000000086f00000| Untracked 
| 112|0x0000000087000000, 0x0000000087000000, 0x0000000087100000|  0%| F|  |TAMS 0x0000000087000000| PB 0x0000000087000000| Untracked 
| 113|0x0000000087100000, 0x0000000087100000, 0x0000000087200000|  0%| F|  |TAMS 0x0000000087100000| PB 0x0000000087100000| Untracked 
| 114|0x0000000087200000, 0x0000000087200000, 0x0000000087300000|  0%| F|  |TAMS 0x0000000087200000| PB 0x0000000087200000| Untracked 
| 115|0x0000000087300000, 0x0000000087300000, 0x0000000087400000|  0%| F|  |TAMS 0x0000000087300000| PB 0x0000000087300000| Untracked 
| 116|0x0000000087400000, 0x0000000087400000, 0x0000000087500000|  0%| F|  |TAMS 0x0000000087400000| PB 0x0000000087400000| Untracked 
| 117|0x0000000087500000, 0x0000000087500000, 0x0000000087600000|  0%| F|  |TAMS 0x0000000087500000| PB 0x0000000087500000| Untracked 
| 118|0x0000000087600000, 0x0000000087600000, 0x0000000087700000|  0%| F|  |TAMS 0x0000000087600000| PB 0x0000000087600000| Untracked 
| 119|0x0000000087700000, 0x0000000087700000, 0x0000000087800000|  0%| F|  |TAMS 0x0000000087700000| PB 0x0000000087700000| Untracked 
| 120|0x0000000087800000, 0x0000000087800000, 0x0000000087900000|  0%| F|  |TAMS 0x0000000087800000| PB 0x0000000087800000| Untracked 
| 121|0x0000000087900000, 0x0000000087900000, 0x0000000087a00000|  0%| F|  |TAMS 0x0000000087900000| PB 0x0000000087900000| Untracked 
| 122|0x0000000087a00000, 0x0000000087a00000, 0x0000000087b00000|  0%| F|  |TAMS 0x0000000087a00000| PB 0x0000000087a00000| Untracked 
| 123|0x0000000087b00000, 0x0000000087b00000, 0x0000000087c00000|  0%| F|  |TAMS 0x0000000087b00000| PB 0x0000000087b00000| Untracked 
| 124|0x0000000087c00000, 0x0000000087c00000, 0x0000000087d00000|  0%| F|  |TAMS 0x0000000087c00000| PB 0x0000000087c00000| Untracked 
| 125|0x0000000087d00000, 0x0000000087d00000, 0x0000000087e00000|  0%| F|  |TAMS 0x0000000087d00000| PB 0x0000000087d00000| Untracked 
| 126|0x0000000087e00000, 0x0000000087e624d0, 0x0000000087f00000| 38%| E|  |TAMS 0x0000000087e00000| PB 0x0000000087e00000| Complete 
| 127|0x0000000087f00000, 0x0000000088000000, 0x0000000088000000|100%| E|CS|TAMS 0x0000000087f00000| PB 0x0000000087f00000| Complete 

Card table byte_map: [0x00000299cbf40000,0x00000299cc340000] _byte_map_base: 0x00000299cbb40000

Marking Bits: (CMBitMap*) 0x00000299b880d100
 Bits: [0x00000299cc340000, 0x00000299ce340000)

Polling page: 0x00000299b6790000

Metaspace:

Usage:
  Non-class:      9.84 MB used.
      Class:      1.32 MB used.
       Both:     11.16 MB used.

Virtual space:
  Non-class space:       64.00 MB reserved,      10.06 MB ( 16%) committed,  1 nodes.
      Class space:        1.00 GB reserved,       1.50 MB ( <1%) committed,  1 nodes.
             Both:        1.06 GB reserved,      11.56 MB (  1%) committed. 

Chunk freelists:
   Non-Class:  5.16 MB
       Class:  14.34 MB
        Both:  19.50 MB

MaxMetaspaceSize: unlimited
CompressedClassSpaceSize: 1.00 GB
Initial GC threshold: 21.00 MB
Current GC threshold: 21.00 MB
CDS: on
 - commit_granule_bytes: 65536.
 - commit_granule_words: 8192.
 - virtual_space_node_default_size: 8388608.
 - enlarge_chunks_in_place: 1.
 - use_allocation_guard: 0.


Internal statistics:

num_allocs_failed_limit: 0.
num_arena_births: 492.
num_arena_deaths: 0.
num_vsnodes_births: 2.
num_vsnodes_deaths: 0.
num_space_committed: 185.
num_space_uncommitted: 0.
num_chunks_returned_to_freelist: 0.
num_chunks_taken_from_freelist: 959.
num_chunk_merges: 0.
num_chunk_splits: 600.
num_chunks_enlarged: 300.
num_inconsistent_stats: 0.

CodeHeap 'non-profiled nmethods': size=120000Kb used=1058Kb max_used=1058Kb free=118941Kb
 bounds [0x00000299c42e0000, 0x00000299c4550000, 0x00000299cb810000]
CodeHeap 'profiled nmethods': size=120000Kb used=5560Kb max_used=5560Kb free=114440Kb
 bounds [0x00000299bc810000, 0x00000299bcd80000, 0x00000299c3d40000]
CodeHeap 'non-nmethods': size=5760Kb used=1431Kb max_used=1482Kb free=4328Kb
 bounds [0x00000299c3d40000, 0x00000299c3fb0000, 0x00000299c42e0000]
CodeCache: size=245760Kb, used=8049Kb, max_used=8100Kb, free=237709Kb
 total_blobs=3380, nmethods=2796, adapters=488, full_count=0
Compilation: enabled, stopped_count=0, restarted_count=0

Compilation events (20 events):
Event: 18.398 Thread 0x00000299d0d86b10 2786       3       com.mysql.cj.telemetry.TelemetrySpan::setAttribute (1 bytes)
Event: 18.398 Thread 0x00000299d0d86b10 nmethod 2786 0x00000299bcd7a610 code [0x00000299bcd7a7a0, 0x00000299bcd7a8a8]
Event: 18.400 Thread 0x00000299d0d86b10 2787       1       java.util.stream.MatchOps$BooleanTerminalSink::cancellationRequested (5 bytes)
Event: 18.400 Thread 0x00000299d0d86b10 nmethod 2787 0x00000299c43e6290 code [0x00000299c43e6420, 0x00000299c43e64f0]
Event: 18.471 Thread 0x00000299d0d82bf0 2788       4       com.sun.crypto.provider.AESCrypt::implEncryptBlock (947 bytes)
Event: 18.490 Thread 0x00000299d0d86b10 2790   !   3       com.mysql.cj.util.StringUtils::toString (62 bytes)
Event: 18.496 Thread 0x00000299d0d86b10 nmethod 2790 0x00000299bcd7a910 code [0x00000299bcd7ab40, 0x00000299bcd7b228]
Event: 18.496 Thread 0x00000299d0d86b10 2797       3       java.util.HashMap::get (19 bytes)
Event: 18.497 Thread 0x00000299d0d86b10 nmethod 2797 0x00000299bcd7b490 code [0x00000299bcd7b640, 0x00000299bcd7b7f0]
Event: 18.497 Thread 0x00000299d0d86b10 2794   !   3       java.lang.String::lookupCharset (20 bytes)
Event: 18.497 Thread 0x00000299d0d86b10 nmethod 2794 0x00000299bcd7b910 code [0x00000299bcd7bb20, 0x00000299bcd7c058]
Event: 18.497 Thread 0x00000299d0d86b10 2791       3       java.lang.String::<init> (19 bytes)
Event: 18.499 Thread 0x00000299d0d86b10 nmethod 2791 0x00000299bcd7c310 code [0x00000299bcd7c560, 0x00000299bcd7cd90]
Event: 18.499 Thread 0x00000299d0d86b10 2792       3       com.mysql.cj.result.StringValueFactory::<init> (6 bytes)
Event: 18.500 Thread 0x00000299d0d86b10 nmethod 2792 0x00000299bcd7d190 code [0x00000299bcd7d340, 0x00000299bcd7d478]
Event: 18.500 Thread 0x00000299d0d86b10 2801       3       com.mysql.cj.protocol.a.result.TextBufferRow::getValue (40 bytes)
Event: 18.500 Thread 0x00000299d0d86b10 nmethod 2801 0x00000299bcd7d510 code [0x00000299bcd7d6e0, 0x00000299bcd7d998]
Event: 18.500 Thread 0x00000299d0d86b10 2802       3       com.mysql.cj.protocol.a.result.TextBufferRow::getNull (37 bytes)
Event: 18.501 Thread 0x00000299d0d86b10 nmethod 2802 0x00000299bcd7db10 code [0x00000299bcd7dce0, 0x00000299bcd7def0]
Event: 18.501 Thread 0x00000299d0d86b10 2803       3       com.intellij.database.remote.jdba.jdbc.JdbcRowFetchers$TupleFetcher::assign (11 bytes)

GC Heap History (4 events):
Event: 7.470 GC heap before
{Heap before GC invocations=0 (full 0):
 garbage-first heap   total 131072K, used 25600K [0x0000000080000000, 0x0000000100000000)
  region size 1024K, 23 young (23552K), 0 survivors (0K)
 Metaspace       used 5536K, committed 5888K, reserved 1114112K
  class space    used 746K, committed 896K, reserved 1048576K
}
Event: 7.489 GC heap after
{Heap after GC invocations=1 (full 0):
 garbage-first heap   total 131072K, used 7552K [0x0000000080000000, 0x0000000100000000)
  region size 1024K, 3 young (3072K), 3 survivors (3072K)
 Metaspace       used 5536K, committed 5888K, reserved 1114112K
  class space    used 746K, committed 896K, reserved 1048576K
}
Event: 17.675 GC heap before
{Heap before GC invocations=1 (full 0):
 garbage-first heap   total 131072K, used 36224K [0x0000000080000000, 0x0000000100000000)
  region size 1024K, 31 young (31744K), 3 survivors (3072K)
 Metaspace       used 11401K, committed 11840K, reserved 1114112K
  class space    used 1352K, committed 1536K, reserved 1048576K
}
Event: 17.691 GC heap after
{Heap after GC invocations=2 (full 0):
 garbage-first heap   total 131072K, used 11032K [0x0000000080000000, 0x0000000100000000)
  region size 1024K, 4 young (4096K), 4 survivors (4096K)
 Metaspace       used 11401K, committed 11840K, reserved 1114112K
  class space    used 1352K, committed 1536K, reserved 1048576K
}

Dll operation events (2 events):
Event: 0.208 Loaded shared library C:\Program Files\JetBrains\IntelliJ IDEA 2025.3.1.1\jbr\bin\java.dll
Event: 1.780 Loaded shared library C:\Program Files\JetBrains\IntelliJ IDEA 2025.3.1.1\jbr\bin\zip.dll

Deoptimization events (20 events):
Event: 9.672 Thread 0x0000029a173bded0 DEOPT PACKING pc=0x00000299c439ae9c sp=0x000000d43eefe460
Event: 9.672 Thread 0x0000029a173bded0 DEOPT UNPACKING pc=0x00000299c3d94422 sp=0x000000d43eefe380 mode 2
Event: 10.865 Thread 0x0000029a173bded0 DEOPT PACKING pc=0x00000299bc96bb7d sp=0x000000d43eefe180
Event: 10.865 Thread 0x0000029a173bded0 DEOPT UNPACKING pc=0x00000299c3d94bc2 sp=0x000000d43eefd618 mode 0
Event: 10.866 Thread 0x0000029a173bded0 DEOPT PACKING pc=0x00000299bc96bb7d sp=0x000000d43eefe180
Event: 10.867 Thread 0x0000029a173bded0 DEOPT UNPACKING pc=0x00000299c3d94bc2 sp=0x000000d43eefd618 mode 0
Event: 11.817 Thread 0x0000029a173bded0 DEOPT PACKING pc=0x00000299bcb68270 sp=0x000000d43eefd900
Event: 11.817 Thread 0x0000029a173bded0 DEOPT UNPACKING pc=0x00000299c3d94bc2 sp=0x000000d43eefcd30 mode 0
Event: 14.469 Thread 0x0000029a173bded0 Uncommon trap: trap_request=0xffffff45 fr.pc=0x00000299c43dec68 relative=0x0000000000000ae8
Event: 14.469 Thread 0x0000029a173bded0 Uncommon trap: reason=unstable_if action=reinterpret pc=0x00000299c43dec68 method=java.io.ObjectInputStream$BlockDataInputStream.readUTFSpan(Ljava/lang/StringBuilder;J)J @ 35 c2
Event: 14.469 Thread 0x0000029a173bded0 DEOPT PACKING pc=0x00000299c43dec68 sp=0x000000d43eefe700
Event: 14.469 Thread 0x0000029a173bded0 DEOPT UNPACKING pc=0x00000299c3d94422 sp=0x000000d43eefe6b0 mode 2
Event: 17.425 Thread 0x0000029a173bded0 Uncommon trap: trap_request=0xffffff45 fr.pc=0x00000299c43df790 relative=0x0000000000000070
Event: 17.425 Thread 0x0000029a173bded0 Uncommon trap: reason=unstable_if action=reinterpret pc=0x00000299c43df790 method=java.lang.CharacterDataLatin1.equalsIgnoreCase(BB)Z @ 24 c2
Event: 17.425 Thread 0x0000029a173bded0 DEOPT PACKING pc=0x00000299c43df790 sp=0x000000d43eefdfc0
Event: 17.425 Thread 0x0000029a173bded0 DEOPT UNPACKING pc=0x00000299c3d94422 sp=0x000000d43eefdf40 mode 2
Event: 18.490 Thread 0x0000029a173bded0 Uncommon trap: trap_request=0xffffff45 fr.pc=0x00000299c4361270 relative=0x0000000000000410
Event: 18.490 Thread 0x0000029a173bded0 Uncommon trap: reason=unstable_if action=reinterpret pc=0x00000299c4361270 method=java.util.HashMap.getNode(Ljava/lang/Object;)Ljava/util/HashMap$Node; @ 66 c2
Event: 18.490 Thread 0x0000029a173bded0 DEOPT PACKING pc=0x00000299c4361270 sp=0x000000d43eefe4f0
Event: 18.490 Thread 0x0000029a173bded0 DEOPT UNPACKING pc=0x00000299c3d94422 sp=0x000000d43eefe400 mode 2

Classes loaded (20 events):
Event: 8.402 Loading class sun/security/ssl/CertificateRequest$T13CertificateRequestMessage
Event: 8.403 Loading class sun/security/ssl/CertificateRequest$T13CertificateRequestMessage done
Event: 8.417 Loading class jdk/internal/event/X509CertificateEvent
Event: 8.417 Loading class jdk/internal/event/X509CertificateEvent done
Event: 8.441 Loading class sun/security/ssl/X509Authentication$X509Possession
Event: 8.442 Loading class sun/security/ssl/X509Authentication$X509Possession done
Event: 8.449 Loading class jdk/internal/event/TLSHandshakeEvent
Event: 8.449 Loading class jdk/internal/event/TLSHandshakeEvent done
Event: 8.459 Loading class java/security/DigestException
Event: 8.459 Loading class java/security/DigestException done
Event: 8.467 Loading class javax/security/sasl/SaslException
Event: 8.468 Loading class javax/security/sasl/SaslException done
Event: 8.470 Loading class javax/security/auth/callback/UnsupportedCallbackException
Event: 8.470 Loading class javax/security/auth/callback/UnsupportedCallbackException done
Event: 8.470 Loading class javax/security/auth/login/Configuration
Event: 8.471 Loading class javax/security/auth/login/Configuration done
Event: 8.473 Loading class javax/security/auth/callback/Callback
Event: 8.473 Loading class javax/security/auth/callback/Callback done
Event: 9.106 Loading class java/lang/invoke/BoundMethodHandle$Species_LI
Event: 9.106 Loading class java/lang/invoke/BoundMethodHandle$Species_LI done

Classes unloaded (0 events):
No events

Classes redefined (0 events):
No events

Internal exceptions (20 events):
Event: 8.822 Thread 0x0000029a173bded0 Exception <a 'java/lang/NoSuchMethodError'{0x000000008716f030}: 'java.lang.Object java.lang.invoke.DirectMethodHandle$Holder.newInvokeSpecial(java.lang.Object, java.lang.Object, int)'> (0x000000008716f030) 
thrown [s\src\hotspot\share\interpreter\linkResolver.cpp, line 784]
Event: 8.936 Thread 0x0000029a173bded0 Exception <a 'java/lang/NoSuchMethodError'{0x0000000087040e30}: 'void java.lang.invoke.DirectMethodHandle$Holder.invokeSpecial(java.lang.Object, java.lang.Object, java.lang.Object, java.lang.Object, java.lang.Object)'> (0x0000000087040e30) 
thrown [s\src\hotspot\share\interpreter\linkResolver.cpp, line 784]
Event: 8.938 Thread 0x0000029a173bded0 Exception <a 'java/lang/NoSuchMethodError'{0x000000008704f140}: 'java.lang.Object java.lang.invoke.Invokers$Holder.invokeExact_MT(java.lang.Object, java.lang.Object, java.lang.Object, java.lang.Object, java.lang.Object)'> (0x000000008704f140) 
thrown [s\src\hotspot\share\interpreter\linkResolver.cpp, line 784]
Event: 9.105 Thread 0x0000029a173bded0 Exception <a 'java/lang/NoSuchMethodError'{0x0000000086feb398}: 'int java.lang.invoke.DirectMethodHandle$Holder.invokeInterface(java.lang.Object, java.lang.Object, int)'> (0x0000000086feb398) 
thrown [s\src\hotspot\share\interpreter\linkResolver.cpp, line 784]
Event: 9.106 Thread 0x0000029a173bded0 Exception <a 'java/lang/NoSuchMethodError'{0x0000000086fef500}: 'int java.lang.invoke.DirectMethodHandle$Holder.invokeSpecial(java.lang.Object, java.lang.Object, java.lang.Object, int)'> (0x0000000086fef500) 
thrown [s\src\hotspot\share\interpreter\linkResolver.cpp, line 784]
Event: 9.108 Thread 0x0000029a173bded0 Exception <a 'java/lang/NoSuchMethodError'{0x0000000086e028f0}: 'java.lang.Object java.lang.invoke.DirectMethodHandle$Holder.invokeStatic(java.lang.Object, java.lang.Object, java.lang.Object, java.lang.Object, int)'> (0x0000000086e028f0) 
thrown [s\src\hotspot\share\interpreter\linkResolver.cpp, line 784]
Event: 9.127 Thread 0x0000029a173bded0 Exception <a 'java/lang/NoSuchMethodError'{0x0000000086e35420}: 'void java.lang.invoke.DirectMethodHandle$Holder.invokeInterface(java.lang.Object, java.lang.Object, int)'> (0x0000000086e35420) 
thrown [s\src\hotspot\share\interpreter\linkResolver.cpp, line 784]
Event: 9.127 Thread 0x0000029a173bded0 Exception <a 'java/lang/NoSuchMethodError'{0x0000000086e392a8}: 'void java.lang.invoke.DelegatingMethodHandle$Holder.reinvoke_L(java.lang.Object, java.lang.Object, int)'> (0x0000000086e392a8) 
thrown [s\src\hotspot\share\interpreter\linkResolver.cpp, line 784]
Event: 9.258 Thread 0x0000029a173bded0 Exception <a 'java/lang/NoSuchMethodError'{0x0000000086c25aa8}: 'java.lang.Object java.lang.invoke.DirectMethodHandle$Holder.invokeInterface(java.lang.Object, java.lang.Object, int)'> (0x0000000086c25aa8) 
thrown [s\src\hotspot\share\interpreter\linkResolver.cpp, line 784]
Event: 9.673 Thread 0x0000029a173bded0 Exception <a 'java/lang/NoSuchMethodError'{0x0000000086b6f630}: static Lcom/intellij/database/remote/jdba/core/ConnectionInfo;.<clinit>()V> (0x0000000086b6f630) 
thrown [s\src\hotspot\share\prims\jni.cpp, line 1144]
Event: 9.675 Thread 0x0000029a173bded0 Exception <a 'java/lang/NoSuchMethodError'{0x0000000086b7a188}: static Ljava/lang/Object;.<clinit>()V> (0x0000000086b7a188) 
thrown [s\src\hotspot\share\prims\jni.cpp, line 1144]
Event: 9.676 Thread 0x0000029a173bded0 Exception <a 'java/lang/NoSuchMethodError'{0x0000000086b7e768}: static [I.<clinit>()V> (0x0000000086b7e768) 
thrown [s\src\hotspot\share\prims\jni.cpp, line 1144]
Event: 10.748 Thread 0x0000029a173bded0 Exception <a 'java/lang/NoSuchMethodError'{0x0000000086ba3228}: 'java.lang.Object java.lang.invoke.DirectMethodHandle$Holder.invokeInterface(java.lang.Object, java.lang.Object, java.lang.Object, java.lang.Object)'> (0x0000000086ba3228) 
thrown [s\src\hotspot\share\interpreter\linkResolver.cpp, line 784]
Event: 11.231 Thread 0x0000029a173bded0 Exception <a 'java/lang/NoSuchMethodError'{0x0000000086aaa9d0}: static Lcom/intellij/database/remote/jdba/core/ResultLayout;.<clinit>()V> (0x0000000086aaa9d0) 
thrown [s\src\hotspot\share\prims\jni.cpp, line 1144]
Event: 11.233 Thread 0x0000029a173bded0 Exception <a 'java/lang/NoSuchMethodError'{0x0000000086ab7b98}: static Lcom/intellij/database/remote/jdba/core/RowLayout;.<clinit>()V> (0x0000000086ab7b98) 
thrown [s\src\hotspot\share\prims\jni.cpp, line 1144]
Event: 11.234 Thread 0x0000029a173bded0 Exception <a 'java/lang/NoSuchMethodError'{0x0000000086ac38d0}: static Lcom/intellij/database/remote/jdba/util/NameAndClass;.<clinit>()V> (0x0000000086ac38d0) 
thrown [s\src\hotspot\share\prims\jni.cpp, line 1144]
Event: 11.235 Thread 0x0000029a173bded0 Exception <a 'java/lang/NoSuchMethodError'{0x0000000086ac65e0}: 'java.lang.Object java.lang.invoke.DirectMethodHandle$Holder.invokeInterface(java.lang.Object, java.lang.Object, int, java.lang.Object)'> (0x0000000086ac65e0) 
thrown [s\src\hotspot\share\interpreter\linkResolver.cpp, line 784]
Event: 11.236 Thread 0x0000029a173bded0 Exception <a 'java/lang/NoSuchMethodError'{0x0000000086aca780}: 'java.lang.Object java.lang.invoke.DirectMethodHandle$Holder.invokeSpecial(java.lang.Object, java.lang.Object, java.lang.Object, int, java.lang.Object)'> (0x0000000086aca780) 
thrown [s\src\hotspot\share\interpreter\linkResolver.cpp, line 784]
Event: 11.833 Thread 0x0000029a173bded0 Exception <a 'java/lang/NoSuchMethodError'{0x000000008697ff30}: static [Ljava/lang/String;.<clinit>()V> (0x000000008697ff30) 
thrown [s\src\hotspot\share\prims\jni.cpp, line 1144]
Event: 11.957 Thread 0x0000029a173bded0 Exception <a 'java/lang/NoSuchMethodError'{0x00000000869c1b20}: static [Ljava/lang/Object;.<clinit>()V> (0x00000000869c1b20) 
thrown [s\src\hotspot\share\prims\jni.cpp, line 1144]

ZGC Phase Switch (0 events):
No events

VM Operations (20 events):
Event: 8.061 Executing VM operation: HandshakeAllThreads (Deoptimize)
Event: 8.061 Executing VM operation: HandshakeAllThreads (Deoptimize) done
Event: 8.408 Executing VM operation: HandshakeAllThreads (Deoptimize)
Event: 8.408 Executing VM operation: HandshakeAllThreads (Deoptimize) done
Event: 8.860 Executing VM operation: ICBufferFull
Event: 8.860 Executing VM operation: ICBufferFull done
Event: 10.860 Executing VM operation: Cleanup
Event: 10.863 Executing VM operation: Cleanup done
Event: 11.863 Executing VM operation: Cleanup
Event: 11.863 Executing VM operation: Cleanup done
Event: 12.864 Executing VM operation: Cleanup
Event: 12.864 Executing VM operation: Cleanup done
Event: 13.864 Executing VM operation: Cleanup
Event: 13.864 Executing VM operation: Cleanup done
Event: 14.865 Executing VM operation: Cleanup
Event: 14.865 Executing VM operation: Cleanup done
Event: 16.866 Executing VM operation: Cleanup
Event: 16.866 Executing VM operation: Cleanup done
Event: 17.675 Executing VM operation: G1CollectForAllocation (G1 Evacuation Pause)
Event: 17.691 Executing VM operation: G1CollectForAllocation (G1 Evacuation Pause) done

Memory protections (0 events):
No events

Nmethod flushes (0 events):
No events

Events (20 events):
Event: 15.148 Thread 0x0000029a17550fc0 Thread exited: 0x0000029a17550fc0
Event: 15.148 Thread 0x0000029a17552a00 Thread exited: 0x0000029a17552a00
Event: 15.148 Thread 0x0000029a17553db0 Thread exited: 0x0000029a17553db0
Event: 15.149 Thread 0x0000029a1726acb0 Thread exited: 0x0000029a1726acb0
Event: 15.149 Thread 0x0000029a175502a0 Thread exited: 0x0000029a175502a0
Event: 15.149 Thread 0x0000029a175557f0 Thread exited: 0x0000029a175557f0
Event: 15.150 Thread 0x0000029a17554440 Thread exited: 0x0000029a17554440
Event: 15.150 Thread 0x0000029a17555160 Thread exited: 0x0000029a17555160
Event: 15.151 Thread 0x0000029a1754fc10 Thread exited: 0x0000029a1754fc10
Event: 15.152 Thread 0x0000029a17553720 Thread exited: 0x0000029a17553720
Event: 15.152 Thread 0x0000029a1726e130 Thread exited: 0x0000029a1726e130
Event: 15.152 Thread 0x0000029a17551650 Thread exited: 0x0000029a17551650
Event: 15.152 Thread 0x0000029a1726f4e0 Thread exited: 0x0000029a1726f4e0
Event: 15.153 Thread 0x0000029a17555e80 Thread exited: 0x0000029a17555e80
Event: 15.153 Thread 0x0000029a1754eef0 Thread exited: 0x0000029a1754eef0
Event: 15.154 Thread 0x0000029a17270f20 Thread exited: 0x0000029a17270f20
Event: 15.154 Thread 0x0000029a1726ee50 Thread exited: 0x0000029a1726ee50
Event: 15.154 Thread 0x0000029a17554ad0 Thread exited: 0x0000029a17554ad0
Event: 15.154 Thread 0x0000029a17553090 Thread exited: 0x0000029a17553090
Event: 15.154 Thread 0x0000029a17550930 Thread exited: 0x0000029a17550930


Dynamic libraries:
0x00007ff7fda50000 - 0x00007ff7fda5a000 	C:\Program Files\JetBrains\IntelliJ IDEA 2025.3.1.1\jbr\bin\java.exe
0x00007ffc9b2f0000 - 0x00007ffc9b4e8000 	C:\WINDOWS\SYSTEM32\ntdll.dll
0x00007ffc9afa0000 - 0x00007ffc9b062000 	C:\WINDOWS\System32\KERNEL32.DLL
0x00007ffc989b0000 - 0x00007ffc98ca6000 	C:\WINDOWS\System32\KERNELBASE.dll
0x00007ffc91850000 - 0x00007ffc9186b000 	C:\Program Files\JetBrains\IntelliJ IDEA 2025.3.1.1\jbr\bin\VCRUNTIME140.dll
0x00007ffc98ed0000 - 0x00007ffc98fd0000 	C:\WINDOWS\System32\ucrtbase.dll
0x00007ffc85940000 - 0x00007ffc85958000 	C:\Program Files\JetBrains\IntelliJ IDEA 2025.3.1.1\jbr\bin\jli.dll
0x00007ffc9a5e0000 - 0x00007ffc9a781000 	C:\WINDOWS\System32\USER32.dll
0x00007ffc98980000 - 0x00007ffc989a2000 	C:\WINDOWS\System32\win32u.dll
0x00007ffc85b20000 - 0x00007ffc85dbb000 	C:\WINDOWS\WinSxS\amd64_microsoft.windows.common-controls_6595b64144ccf1df_6.0.19041.6456_none_60b8a6cb71f64256\COMCTL32.dll
0x00007ffc9ad90000 - 0x00007ffc9adbb000 	C:\WINDOWS\System32\GDI32.dll
0x00007ffc9a020000 - 0x00007ffc9a0be000 	C:\WINDOWS\System32\msvcrt.dll
0x00007ffc98cb0000 - 0x00007ffc98dc9000 	C:\WINDOWS\System32\gdi32full.dll
0x00007ffc99270000 - 0x00007ffc9930d000 	C:\WINDOWS\System32\msvcp_win.dll
0x00007ffc9acc0000 - 0x00007ffc9acef000 	C:\WINDOWS\System32\IMM32.DLL
0x00007ffc93220000 - 0x00007ffc9322c000 	C:\Program Files\JetBrains\IntelliJ IDEA 2025.3.1.1\jbr\bin\vcruntime140_1.dll
0x00007ffc7a4d0000 - 0x00007ffc7a55d000 	C:\Program Files\JetBrains\IntelliJ IDEA 2025.3.1.1\jbr\bin\msvcp140.dll
0x00007ffbf03d0000 - 0x00007ffbf119d000 	C:\Program Files\JetBrains\IntelliJ IDEA 2025.3.1.1\jbr\bin\server\jvm.dll
0x00007ffc9b140000 - 0x00007ffc9b1f1000 	C:\WINDOWS\System32\ADVAPI32.dll
0x00007ffc9ae20000 - 0x00007ffc9aebf000 	C:\WINDOWS\System32\sechost.dll
0x00007ffc99cf0000 - 0x00007ffc99e10000 	C:\WINDOWS\System32\RPCRT4.dll
0x00007ffc991b0000 - 0x00007ffc991d7000 	C:\WINDOWS\System32\bcrypt.dll
0x00007ffc99a80000 - 0x00007ffc99aeb000 	C:\WINDOWS\System32\WS2_32.dll
0x00007ffc982c0000 - 0x00007ffc9830b000 	C:\WINDOWS\SYSTEM32\POWRPROF.dll
0x00007ffc88b30000 - 0x00007ffc88b57000 	C:\WINDOWS\SYSTEM32\WINMM.dll
0x00007ffc8fcb0000 - 0x00007ffc8fcba000 	C:\WINDOWS\SYSTEM32\VERSION.dll
0x00007ffc98290000 - 0x00007ffc982a2000 	C:\WINDOWS\SYSTEM32\UMPDC.dll
0x00007ffc97150000 - 0x00007ffc97162000 	C:\WINDOWS\SYSTEM32\kernel.appcore.dll
0x00007ffc92ed0000 - 0x00007ffc92eda000 	C:\Program Files\JetBrains\IntelliJ IDEA 2025.3.1.1\jbr\bin\jimage.dll
0x00007ffc965f0000 - 0x00007ffc967f1000 	C:\WINDOWS\SYSTEM32\DBGHELP.DLL
0x00007ffc81b70000 - 0x00007ffc81ba4000 	C:\WINDOWS\SYSTEM32\dbgcore.DLL
0x00007ffc991e0000 - 0x00007ffc99262000 	C:\WINDOWS\System32\bcryptPrimitives.dll
0x00007ffc85530000 - 0x00007ffc85550000 	C:\Program Files\JetBrains\IntelliJ IDEA 2025.3.1.1\jbr\bin\java.dll
0x00007ffc99310000 - 0x00007ffc99a80000 	C:\WINDOWS\System32\SHELL32.dll
0x00007ffc96990000 - 0x00007ffc97135000 	C:\WINDOWS\SYSTEM32\windows.storage.dll
0x00007ffc9a950000 - 0x00007ffc9aca4000 	C:\WINDOWS\System32\combase.dll
0x00007ffc98260000 - 0x00007ffc9828b000 	C:\WINDOWS\SYSTEM32\Wldp.dll
0x00007ffc9aed0000 - 0x00007ffc9af9d000 	C:\WINDOWS\System32\OLEAUT32.dll
0x00007ffc9a0c0000 - 0x00007ffc9a16d000 	C:\WINDOWS\System32\SHCORE.dll
0x00007ffc9b070000 - 0x00007ffc9b0cb000 	C:\WINDOWS\System32\shlwapi.dll
0x00007ffc988b0000 - 0x00007ffc988d4000 	C:\WINDOWS\SYSTEM32\profapi.dll
0x00007ffc923c0000 - 0x00007ffc923d0000 	C:\Program Files\JetBrains\IntelliJ IDEA 2025.3.1.1\jbr\bin\net.dll
0x00007ffc91440000 - 0x00007ffc9154a000 	C:\WINDOWS\SYSTEM32\WINHTTP.dll
0x00007ffc98040000 - 0x00007ffc980aa000 	C:\WINDOWS\system32\mswsock.dll
0x00007ffc81f10000 - 0x00007ffc81f26000 	C:\Program Files\JetBrains\IntelliJ IDEA 2025.3.1.1\jbr\bin\nio.dll
0x00007ffc825b0000 - 0x00007ffc825c8000 	C:\Program Files\JetBrains\IntelliJ IDEA 2025.3.1.1\jbr\bin\zip.dll
0x00007ffc97d40000 - 0x00007ffc97d7b000 	C:\WINDOWS\SYSTEM32\IPHLPAPI.DLL
0x00007ffc9b0d0000 - 0x00007ffc9b0d8000 	C:\WINDOWS\System32\NSI.dll
0x00007ffc98310000 - 0x00007ffc98328000 	C:\WINDOWS\SYSTEM32\CRYPTSP.dll
0x00007ffc97910000 - 0x00007ffc97948000 	C:\WINDOWS\system32\rsaenh.dll
0x00007ffc98830000 - 0x00007ffc9885e000 	C:\WINDOWS\SYSTEM32\USERENV.dll
0x00007ffc981d0000 - 0x00007ffc981dc000 	C:\WINDOWS\SYSTEM32\CRYPTBASE.dll
0x00007ffc91950000 - 0x00007ffc91959000 	C:\Program Files\JetBrains\IntelliJ IDEA 2025.3.1.1\jbr\bin\extnet.dll
0x00007ffc92450000 - 0x00007ffc92457000 	C:\Program Files\JetBrains\IntelliJ IDEA 2025.3.1.1\jbr\bin\rmi.dll
0x00007ffc97d80000 - 0x00007ffc97e4a000 	C:\WINDOWS\SYSTEM32\DNSAPI.dll
0x00007ffc951a0000 - 0x00007ffc951aa000 	C:\Windows\System32\rasadhlp.dll
0x00007ffc91040000 - 0x00007ffc910c0000 	C:\WINDOWS\System32\fwpuclnt.dll
0x00007ffc91b50000 - 0x00007ffc91b5e000 	C:\Program Files\JetBrains\IntelliJ IDEA 2025.3.1.1\jbr\bin\sunmscapi.dll
0x00007ffc98fd0000 - 0x00007ffc9912d000 	C:\WINDOWS\System32\CRYPT32.dll
0x00007ffc98420000 - 0x00007ffc98447000 	C:\WINDOWS\SYSTEM32\ncrypt.dll
0x00007ffc983e0000 - 0x00007ffc9841b000 	C:\WINDOWS\SYSTEM32\NTASN1.dll

JVMTI agents: none

dbghelp: loaded successfully - version: 4.0.5 - missing functions: none
symbol engine: initialized successfully - sym options: 0x614 - pdb path: .;C:\Program Files\JetBrains\IntelliJ IDEA 2025.3.1.1\jbr\bin;C:\WINDOWS\SYSTEM32;C:\WINDOWS\WinSxS\amd64_microsoft.windows.common-controls_6595b64144ccf1df_6.0.19041.6456_none_60b8a6cb71f64256;C:\Program Files\JetBrains\IntelliJ IDEA 2025.3.1.1\jbr\bin\server

VM Arguments:
jvm_args: -Djava.rmi.server.hostname=127.0.0.1 -Duser.timezone=UTC -Xmx2048m -Xms128m --add-exports=java.desktop/sun.awt=ALL-UNNAMED --add-exports=java.desktop/java.awt.peer=ALL-UNNAMED --add-opens=java.desktop/java.awt=ALL-UNNAMED --add-opens=jdk.unsupported/sun.misc=ALL-UNNAMED --add-opens=java.base/java.nio=ALL-UNNAMED --add-opens=java.base/java.util=ALL-UNNAMED -Dfile.encoding=UTF-8 -Dsun.stdout.encoding=UTF-8 -Dsun.stderr.encoding=UTF-8 
java_command: com.intellij.database.remote.RemoteJdbcServer com.mysql.cj.jdbc.Driver
java_class_path (initial): C:\Program Files\JetBrains\IntelliJ IDEA 2025.3.1.1\lib\util_rt.jar;C:\Program Files\JetBrains\IntelliJ IDEA 2025.3.1.1\lib\module-intellij.libraries.fastutil.jar;C:\Program Files\JetBrains\IntelliJ IDEA 2025.3.1.1\lib\groovy.jar;C:\Program Files\JetBrains\IntelliJ IDEA 2025.3.1.1\plugins\DatabaseTools\lib\modules\intellij.database.jdbcConsole.jar;C:\Program Files\JetBrains\IntelliJ IDEA 2025.3.1.1\lib\modules\intellij.grid.types.jar;C:\Program Files\JetBrains\IntelliJ IDEA 2025.3.1.1\lib\util.jar;C:\Program Files\JetBrains\IntelliJ IDEA 2025.3.1.1\lib\module-intellij.libraries.bouncy.castle.provider.jar
Launcher Type: SUN_STANDARD

[Global flags]
     intx CICompilerCount                          = 4                                         {product} {ergonomic}
     uint ConcGCThreads                            = 2                                         {product} {ergonomic}
     uint G1ConcRefinementThreads                  = 8                                         {product} {ergonomic}
   size_t G1HeapRegionSize                         = 1048576                                   {product} {ergonomic}
    uintx GCDrainStackTargetSize                   = 64                                        {product} {ergonomic}
   size_t InitialHeapSize                          = 134217728                                 {product} {command line}
   size_t MarkStackSize                            = 4194304                                   {product} {ergonomic}
   size_t MaxHeapSize                              = 2147483648                                {product} {command line}
   size_t MaxNewSize                               = 1287651328                                {product} {ergonomic}
   size_t MinHeapDeltaBytes                        = 1048576                                   {product} {ergonomic}
   size_t MinHeapSize                              = 134217728                                 {product} {command line}
    uintx NonNMethodCodeHeapSize                   = 5839372                                {pd product} {ergonomic}
    uintx NonProfiledCodeHeapSize                  = 122909434                              {pd product} {ergonomic}
    uintx ProfiledCodeHeapSize                     = 122909434                              {pd product} {ergonomic}
    uintx ReservedCodeCacheSize                    = 251658240                              {pd product} {ergonomic}
     bool SegmentedCodeCache                       = true                                      {product} {ergonomic}
   size_t SoftMaxHeapSize                          = 2147483648                             {manageable} {ergonomic}
     bool UseCompressedOops                        = true                           {product lp64_product} {ergonomic}
     bool UseG1GC                                  = true                                      {product} {ergonomic}
     bool UseLargePagesIndividualAllocation        = false                                  {pd product} {ergonomic}

Logging:
Log output configuration:
 #0: stdout all=warning uptime,level,tags foldmultilines=false
 #1: stderr all=off uptime,level,tags foldmultilines=false

Release file:
JAVA_VERSION="21.0.9" 
MODULES="java.base java.datatransfer java.xml java.prefs java.desktop gluegen.rt java.compiler java.instrument java.logging java.management java.security.sasl java.naming java.rmi java.management.rmi java.net.http java.scripting java.security.jgss java.transaction.xa java.sql java.sql.rowset java.xml.crypto java.se java.smartcardio jogl.all jcef jdk.accessibility jdk.internal.jvmstat jdk.attach jdk.charsets jdk.internal.opt jdk.zipfs jdk.compiler jdk.crypto.ec jdk.crypto.cryptoki jdk.crypto.mscapi jdk.dynalink jdk.hotspot.agent jdk.httpserver jdk.internal.ed jdk.internal.le jdk.internal.vm.ci jdk.javadoc jdk.jcmd jdk.jdwp.agent jdk.jdi jdk.jfr jdk.jsobject jdk.localedata jdk.management jdk.management.agent jdk.management.jfr jdk.naming.dns jdk.naming.rmi jdk.net jdk.sctp jdk.security.auth jdk.security.jgss jdk.unsupported jdk.unsupported.desktop jdk.xml.dom" 
IMPLEMENTOR="JetBrains s.r.o." 
IMPLEMENTOR_VERSION="JBR-21.0.9+1-1163.86-jcef" 
JAVA_RUNTIME_VERSION="21.0.9+1-b1163.86" 
LIBC="default" 
OS_ARCH="x86_64" 
OS_NAME="Windows" 
SOURCE=".:git:1a60506bbd2d+ jcef_git:git:4a605f44671a" 
JCEF_VERSION="137.0.17.1086+g6f9ab69" 
JCEF_COMMIT_HASH="6f9ab690b28a1262f82e6f869c310bdf1d0697ac" 

Environment Variables:
PATH=C:\Program Files\Common Files\Oracle\Java\javapath;C:\Oracle\install\WINDOWS.X64_193000_db_home\bin;C:\Program Files (x86)\Common Files\Oracle\Java\javapath;C:\Program Files (x86)\Common Files\Intel\Shared Libraries\redist\intel64\compiler;C:\Windows\system32;C:\Windows;C:\Windows\System32\Wbem;C:\Windows\System32\WindowsPowerShell\v1.0\;C:\Windows\System32\OpenSSH\;C:\Program Files (x86)\NVIDIA Corporation\PhysX\Common;C:\Program Files\NVIDIA Corporation\NVIDIA NvDLISR;C:\WINDOWS\system32;C:\WINDOWS;C:\WINDOWS\System32\Wbem;C:\WINDOWS\System32\WindowsPowerShell\v1.0\;C:\WINDOWS\System32\OpenSSH\;C:\ProgramData\chocolatey\bin;C:\Program Files\smimesign;C:\Program Files\dotnet\;C:\Program Files (x86)\HP\Common\HPDestPlgIn\;C:\Program Files (x86)\dotnet\;C:\Program Files\nodejs;C:\Program Files\nodejs\;C:\oracle\instantclient_23_0;C:\Program Files\Java\jdk-17;C:\Program Files\Java\jdk-17\bin;C:\Program Files\PHP;C:\Program Files\PHP\php-8.2;C:\Program Files\Java\jdk1.8.0_202\bin;C:\Program Files\Java\jdk1.8.0_202;C:\Program Files\Java\jre1.8.0_202;C:\Program Files\Java\jre1.8.0_202\bin;C:\Oracle\instantclient_19_29;C:\Oracle\instantclient_19_29\;C:\ProgramData\ComposerSetup\bin;C:\Program Files\Git\cmd;C:\Program Files\Git\mingw64\bin;C:\Program Files\Git\usr\bin;C:\ProgramData\chocolatey\lib\maven\apache-maven-3.9.12\bin;C:\Program Files\Java\jdk-23;C:\Program Files\Java\jdk-23\bin;C:\Users\LANCELOT\.config\herd-lite\bin;C:\Users\LANCELOT\AppData\Local\Yarn\config\global\node_modules\.bin;C:\Users\LANCELOT\AppData\Roaming\Composer\vendor\bin;C:\Users\LANCELOT\AppData\Local\Microsoft\WindowsApps;C:\Users\LANCELOT\AppData\Local\Pub\Cache\bin;C:\Users\LANCELOT\AppData\Local\Microsoft\WinGet\Links;C:\Users\LANCELOT\AppData\Roaming\npm;C:\Users\LANCELOT\AppData\Local\Programs\Microsoft VS Code\bin;C:\flutter\bin;C:\Users\LANCELOT\AppData\Local\Python\bin;C:\Program Files\JetBrains\IntelliJ IDEA 2025.3.1.1\bin;C:\Users\LANCELOT\bin;C:\oracle\instantclient_19_29;C:\Users\LANCELOT\.config\herd-lite\bin;C:\Users\LANCELOT\AppData\Local\Yarn\config\global\node_modules\.bin;C:\Users\LANCELOT\AppData\Roaming\Composer\vendor\bin;C:\Users\LANCELOT\AppData\Local\Microsoft\WindowsApps;C:\Users\LANCELOT\AppData\Local\Pub\Cache\bin;C:\Program Files (x86)\HP\Common\HPDestPlgIn\;C:\Users\LANCELOT\AppData\Local\Microsoft\WinGet\Links;C:\Users\LANCELOT\AppData\Roaming\npm;C:\Users\LANCELOT\AppData\Local\Programs\Microsoft VS Code\bin;C:\flutter\bin;C:\Users\LANCELOT\AppData\Local\Python\bin;C:\Program Files\JetBrains\IntelliJ IDEA 2025.3.1.1\bin;C:\Users\LANCELOT\bin
USERNAME=LANCELOT
OS=Windows_NT
PROCESSOR_IDENTIFIER=AMD64 Family 23 Model 24 Stepping 1, AuthenticAMD
TMP=C:\Users\LANCELOT\AppData\Local\Temp
TEMP=C:\Users\LANCELOT\AppData\Local\Temp




Periodic native trim disabled

JNI global refs:
JNI global refs: 18, weak refs: 13

JNI global refs memory usage: 835, weak refs: 833

Process memory usage:
Resident Set Size: 111944K (1% of 6223088K total physical memory with 436292K free physical memory)

OOME stack traces (most recent first):
Classloader memory used:
Loader bootstrap                                                                       : 3877K
Loader jdk.internal.loader.ClassLoaders$AppClassLoader                                 : 3554K
Loader com.intellij.database.remote.jdbc.impl.JdbcClassLoader$JdbcClassLoaderImpl      : 3065K
Loader jdk.internal.loader.ClassLoaders$PlatformClassLoader                            : 781K
Loader jdk.internal.reflect.DelegatingClassLoader                                      : 145K

---------------  S Y S T E M  ---------------

OS:
 Windows 10 , 64 bit Build 19041 (10.0.19041.5915)
OS uptime: 3 days 20:23 hours
Hyper-V role detected

CPU: total 8 (initial active 8) (8 cores per cpu, 2 threads per core) family 23 model 24 stepping 1 microcode 0x0, cx8, cmov, fxsr, ht, mmx, 3dnowpref, sse, sse2, sse3, ssse3, sse4a, sse4.1, sse4.2, popcnt, lzcnt, tsc, tscinvbit, avx, avx2, aes, clmul, bmi1, bmi2, adx, sha, fma, vzeroupper, clflush, clflushopt, hv, rdtscp, f16c
Processor Information for the first 8 processors :
  Max Mhz: 2100, Current Mhz: 2100, Mhz Limit: 2100

Memory: 4k page, system-wide physical 6077M (424M free)
TotalPageFile size 24509M (AvailPageFile size 5M)
current process WorkingSet (physical memory assigned to process): 109M, peak: 130M
current process commit charge ("private bytes"): 249M, peak: 270M

vm_info: OpenJDK 64-Bit Server VM (21.0.9+1-b1163.86) for windows-amd64 JRE (21.0.9+1-b1163.86), built on 2025-12-02 by "builduser" with MS VC++ 16.10 / 16.11 (VS2019)

END.
